[LOG] System::create                           : Header version = 2.01.11. Current version = 2.01.11.
[LOG] Manager::init                            : maxchannels = 256 studioflags = 00000006 flags 00000000 extradriverdata 0000000000000000.
[LOG] SystemI::init                            : Initialize version=20111 (118066), maxchannels=256, flags=0x00020000
[LOG] SystemI::setOutputInternal               : Setting output to 'FMOD WASAPI Output'
[LOG] OutputWASAPI::init                       : Mix Format (WAVEFORMATEX): wFormatTag=0xFFFE, nChannels=2, nSamplesPerSec=48000, nAvgBytesPerSec=384000, nBlockAlign=8, wBitsPerSample=32, cbSize=22.
[LOG] OutputWASAPI::init                       : Mix Format (WAVEFORMATEXTENSIBLE): wValidBitsPerSample=32, dwChannelMask=0x00000003, SubFormat=00000003-0000-0010-8000-00AA00389B71.
[LOG] OutputWASAPI::init                       : Output buffer size: 4096 samples, latency: 0.00ms, period: 10.00ms, DSP buffer: 1024 * 4
[LOG] Thread::initThread                       : Init FMOD stream thread. Affinity: 0x8000000000000003, Priority: 0xFFFF7FFB, Stack Size: 98304, Semaphore: No, Sleep Time: 10, Looping: Yes.
[LOG] Thread::initThread                       : Init FMOD mixer thread. Affinity: 0x8000000000000001, Priority: 0xFFFF7FFA, Stack Size: 81920, Semaphore: No, Sleep Time: 0, Looping: Yes.
[LOG] AsyncManager::init                       : manager 0000024A895FBC68 isAsync 0 updatePeriod 0.02
[LOG] AsyncManager::init                       : done
[LOG] PlaybackSystem::init                     : 
[LOG] Thread::initThread                       : Init FMOD Studio sample load thread. Affinity: 0x8000000000000003, Priority: 0xFFFF7FFD, Stack Size: 98304, Semaphore: No, Sleep Time: 1, Looping: No.
[LOG] PlaybackSystem::init                     : done
[LOG] Thread::initThread                       : Init FMOD Studio bank load thread. Affinity: 0x8000000000000003, Priority: 0xFFFF7FFD, Stack Size: 98304, Semaphore: No, Sleep Time: 1, Looping: No.
[LOG] Manager::init                            : done.
[LOG] Manager::readBank                        : fileversion = 125, compatVersion = 119 (oldest = 44, newest = 135)
[LOG] Manager::readBank                        : fileversion = 125, compatVersion = 119 (oldest = 44, newest = 135)
[LOG] Manager::readBank                        : fileversion = 125, compatVersion = 119 (oldest = 44, newest = 135)
[LOG] PlaybackSystem::acquireMasterBus         : Setting master channel group format to 6
[LOG] SystemI::createSoundInternal             : Create name='', mode=0x02000202
[LOG] SystemI::createSoundInternal             : exinfo->cbsize             = 224
[LOG] SystemI::createSoundInternal             : exinfo->length             = 145760
[LOG] SystemI::createSoundInternal             : exinfo->fileoffset         = 13600
[LOG] SystemI::createSoundInternal             : exinfo->numsubsounds       = 1
[LOG] SystemI::createSoundInternal             : exinfo->inclusionlist      = 00000063211EEEA8
[LOG] SystemI::createSoundInternal             : exinfo->inclusionlistnum   = 1
[LOG] SystemI::createSoundInternal             : exinfo->suggestedsoundtype = 5
[LOG] SystemI::createSoundInternal             : exinfo->useropen           = 00007FFED93E60E0
[LOG] SystemI::createSoundInternal             : exinfo->userclose          = 00007FFED93E60B0
[LOG] SystemI::createSoundInternal             : exinfo->userread           = 00007FFED93E61B0
[LOG] SystemI::createSoundInternal             : exinfo->userseek           = 00007FFED93E6270
[LOG] SystemI::createSoundInternal             : exinfo->fileuserdata       = 00000249B645E4F8
[LOG] SystemI::createSoundInternal             : exinfo->initialseekpostype = 1
[LOG] SystemI::DSPCodecPoolRegister            : register codec pool for pool type 5
[LOG] SystemI::createSoundInternal             : Sample 0/1: name='UI Clicked 8 Dramatic', format=5, channels=2, frequency=48000, lengthbytes=13280, lengthpcm=90279, pcmblocksize=0, loopstart=0, loopend=0, mode=0x00000000, channelmask=0x00000000, channelorder=0, peakvolume=0.290741.
[LOG] SystemI::createSound                     : filename = Assets/FMOD Banks/Desktop/Music.bank : mode 02010082
[LOG] SystemI::createSound                     : FMOD_NONBLOCKING specified.  Putting into queue to be opened asynchronously!
[LOG] SystemI::createSound                     : setdata soundi = 0000024A0392DA38 : node = 00000249B4B72920
[LOG] SystemI::createSound                     : add node to async list : head = 0000024A8F4FC2F8.  list count = 0
[LOG] AsyncThread::threadFunc                  : Starting Asynchronous operation on sound 0000024A0392DA38
[LOG] SystemI::createSoundInternal             :     Create name='Assets/FMOD Banks/Desktop/Music.bank', mode=0x02010082
[LOG] SystemI::createSoundInternal             :     exinfo->cbsize             = 224
[LOG] SystemI::createSoundInternal             :     exinfo->length             = 6309792
[LOG] SystemI::createSoundInternal             :     exinfo->fileoffset         = 18624
[LOG] SystemI::createSoundInternal             :     exinfo->numsubsounds       = 1
[LOG] SystemI::createSoundInternal             :     exinfo->inclusionlist      = 00000249B4B72A30
[LOG] SystemI::createSoundInternal             :     exinfo->inclusionlistnum   = 1
[LOG] SystemI::createSoundInternal             :     exinfo->suggestedsoundtype = 5
[LOG] SystemI::createSoundInternal             :     exinfo->initialseekposition = 581
[LOG] SystemI::createSoundInternal             :     exinfo->initialseekpostype = 1
[LOG] SystemI::createSoundInternal             :     Stream 0/1: name='Combat 2 - V4', format=5, channels=2, frequency=48000, lengthbytes=2567296, lengthpcm=9478060, pcmblocksize=0, loopstart=0, loopend=0, mode=0x00000000, channelmask=0x00000000, channelorder=0, peakvolume=0.940186.
[LOG] AsyncThread::threadFunc                  : Finished Asynchronous operation on sound 0000024A0392DA38
[LOG] SystemI::createSound                     : filename = Assets/FMOD Banks/Desktop/Music.bank : mode 02010082
[LOG] SystemI::createSound                     : FMOD_NONBLOCKING specified.  Putting into queue to be opened asynchronously!
[LOG] SystemI::createSound                     : setdata soundi = 0000024A0392C298 : node = 00000249B795A9E0
[LOG] SystemI::createSound                     : add node to async list : head = 0000024A8F4FC2F8.  list count = 0
[LOG] AsyncThread::threadFunc                  : Starting Asynchronous operation on sound 0000024A0392C298
[LOG] SystemI::createSoundInternal             :     Create name='Assets/FMOD Banks/Desktop/Music.bank', mode=0x02010082
[LOG] SystemI::createSoundInternal             :     exinfo->cbsize             = 224
[LOG] SystemI::createSoundInternal             :     exinfo->length             = 6309792
[LOG] SystemI::createSoundInternal             :     exinfo->fileoffset         = 18624
[LOG] SystemI::createSoundInternal             :     exinfo->numsubsounds       = 1
[LOG] SystemI::createSoundInternal             :     exinfo->inclusionlist      = 00000249B795AAF0
[LOG] SystemI::createSoundInternal             :     exinfo->inclusionlistnum   = 1
[LOG] SystemI::createSoundInternal             :     exinfo->suggestedsoundtype = 5
[LOG] SystemI::createSoundInternal             :     exinfo->initialseekposition = 1237
[LOG] SystemI::createSoundInternal             :     exinfo->initialseekpostype = 1
[LOG] SystemI::createSoundInternal             :     Stream 0/1: name='Combat 2 - V4', format=5, channels=2, frequency=48000, lengthbytes=2567296, lengthpcm=9478060, pcmblocksize=0, loopstart=0, loopend=0, mode=0x00000000, channelmask=0x00000000, channelorder=0, peakvolume=0.940186.
[LOG] AsyncThread::threadFunc                  : Finished Asynchronous operation on sound 0000024A0392C298
[LOG] SoundI::release                          : Menu V2 (0000024A8EF73658)
[LOG] SoundI::release                          :     Menu V2 (0000024A8F41C258)
[LOG] SoundI::release                          :     Menu V2 (0000024A8EF650D8)
[LOG] SoundI::release                          : Combat 2 - V4 (0000024A0392DA38)
[LOG] SoundI::release                          :     Combat 2 - V4 (0000024A8F425498)
[LOG] SoundI::release                          :     Combat 2 - V4 (0000024A03929F28)
[LOG] SystemI::createSoundInternal             : Create name='', mode=0x02000202
[LOG] SystemI::createSoundInternal             : exinfo->cbsize             = 224
[LOG] SystemI::createSoundInternal             : exinfo->length             = 105600
[LOG] SystemI::createSoundInternal             : exinfo->fileoffset         = 9856
[LOG] SystemI::createSoundInternal             : exinfo->numsubsounds       = 1
[LOG] SystemI::createSoundInternal             : exinfo->inclusionlist      = 00000063211EEEA8
[LOG] SystemI::createSoundInternal             : exinfo->inclusionlistnum   = 1
[LOG] SystemI::createSoundInternal             : exinfo->suggestedsoundtype = 5
[LOG] SystemI::createSoundInternal             : exinfo->useropen           = 00007FFED93E60E0
[LOG] SystemI::createSoundInternal             : exinfo->userclose          = 00007FFED93E60B0
[LOG] SystemI::createSoundInternal             : exinfo->userread           = 00007FFED93E61B0
[LOG] SystemI::createSoundInternal             : exinfo->userseek           = 00007FFED93E6270
[LOG] SystemI::createSoundInternal             : exinfo->fileuserdata       = 00000249B6FDAAC8
[LOG] SystemI::createSoundInternal             : exinfo->initialseekpostype = 1
[LOG] SystemI::DSPCodecPoolRegister            : register codec pool for pool type 5
[LOG] SystemI::createSoundInternal             : Sample 0/1: name='Draw 3', format=5, channels=2, frequency=48000, lengthbytes=12608, lengthpcm=52662, pcmblocksize=0, loopstart=0, loopend=0, mode=0x00000000, channelmask=0x00000000, channelorder=0, peakvolume=0.648865.
[LOG] SystemI::createSoundInternal             : Create name='', mode=0x02000202
[LOG] SystemI::createSoundInternal             : exinfo->cbsize             = 224
[LOG] SystemI::createSoundInternal             : exinfo->length             = 105600
[LOG] SystemI::createSoundInternal             : exinfo->fileoffset         = 9856
[LOG] SystemI::createSoundInternal             : exinfo->numsubsounds       = 1
[LOG] SystemI::createSoundInternal             : exinfo->inclusionlist      = 00000063211EEEA8
[LOG] SystemI::createSoundInternal             : exinfo->inclusionlistnum   = 1
[LOG] SystemI::createSoundInternal             : exinfo->suggestedsoundtype = 5
[LOG] SystemI::createSoundInternal             : exinfo->useropen           = 00007FFED93E60E0
[LOG] SystemI::createSoundInternal             : exinfo->userclose          = 00007FFED93E60B0
[LOG] SystemI::createSoundInternal             : exinfo->userread           = 00007FFED93E61B0
[LOG] SystemI::createSoundInternal             : exinfo->userseek           = 00007FFED93E6270
[LOG] SystemI::createSoundInternal             : exinfo->fileuserdata       = 00000249B6FDAAC8
[LOG] SystemI::createSoundInternal             : exinfo->initialseekpostype = 1
[LOG] SystemI::DSPCodecPoolRegister            : register codec pool for pool type 5
[LOG] SystemI::createSoundInternal             : Sample 0/1: name='Touch Card 1', format=5, channels=2, frequency=48000, lengthbytes=11040, lengthpcm=63947, pcmblocksize=0, loopstart=0, loopend=0, mode=0x00000000, channelmask=0x00000000, channelorder=0, peakvolume=0.601013.
[LOG] SystemI::createSoundInternal             : Create name='', mode=0x02000202
[LOG] SystemI::createSoundInternal             : exinfo->cbsize             = 224
[LOG] SystemI::createSoundInternal             : exinfo->length             = 755200
[LOG] SystemI::createSoundInternal             : exinfo->fileoffset         = 66688
[LOG] SystemI::createSoundInternal             : exinfo->numsubsounds       = 1
[LOG] SystemI::createSoundInternal             : exinfo->inclusionlist      = 00000063211EEEA8
[LOG] SystemI::createSoundInternal             : exinfo->inclusionlistnum   = 1
[LOG] SystemI::createSoundInternal             : exinfo->suggestedsoundtype = 5
[LOG] SystemI::createSoundInternal             : exinfo->useropen           = 00007FFED93E60E0
[LOG] SystemI::createSoundInternal             : exinfo->userclose          = 00007FFED93E60B0
[LOG] SystemI::createSoundInternal             : exinfo->userread           = 00007FFED93E61B0
[LOG] SystemI::createSoundInternal             : exinfo->userseek           = 00007FFED93E6270
[LOG] SystemI::createSoundInternal             : exinfo->fileuserdata       = 0000024A89537EA8
[LOG] SystemI::createSoundInternal             : exinfo->initialseekpostype = 1
[LOG] SystemI::DSPCodecPoolRegister            : register codec pool for pool type 5
[LOG] SystemI::createSoundInternal             : Sample 0/1: name='Chiara Hit Short 6', format=5, channels=2, frequency=48000, lengthbytes=2336, lengthpcm=12538, pcmblocksize=0, loopstart=0, loopend=0, mode=0x00000000, channelmask=0x00000000, channelorder=0, peakvolume=0.691040.
[LOG] SystemI::createSoundInternal             : Create name='', mode=0x02000202
[LOG] SystemI::createSoundInternal             : exinfo->cbsize             = 224
[LOG] SystemI::createSoundInternal             : exinfo->length             = 755200
[LOG] SystemI::createSoundInternal             : exinfo->fileoffset         = 66688
[LOG] SystemI::createSoundInternal             : exinfo->numsubsounds       = 1
[LOG] SystemI::createSoundInternal             : exinfo->inclusionlist      = 00000063211EEEA8
[LOG] SystemI::createSoundInternal             : exinfo->inclusionlistnum   = 1
[LOG] SystemI::createSoundInternal             : exinfo->suggestedsoundtype = 5
[LOG] SystemI::createSoundInternal             : exinfo->useropen           = 00007FFED93E60E0
[LOG] SystemI::createSoundInternal             : exinfo->userclose          = 00007FFED93E60B0
[LOG] SystemI::createSoundInternal             : exinfo->userread           = 00007FFED93E61B0
[LOG] SystemI::createSoundInternal             : exinfo->userseek           = 00007FFED93E6270
[LOG] SystemI::createSoundInternal             : exinfo->fileuserdata       = 0000024A89537EA8
[LOG] SystemI::createSoundInternal             : exinfo->initialseekpostype = 1
[LOG] SystemI::DSPCodecPoolRegister            : register codec pool for pool type 5
[LOG] SystemI::createSoundInternal             : Sample 0/1: name='Chiara Hit Mid 2', format=5, channels=2, frequency=48000, lengthbytes=4832, lengthpcm=23823, pcmblocksize=0, loopstart=0, loopend=0, mode=0x00000000, channelmask=0x00000000, channelorder=0, peakvolume=0.448975.
[LOG] SystemI::createSoundInternal             : Create name='', mode=0x02000202
[LOG] SystemI::createSoundInternal             : exinfo->cbsize             = 224
[LOG] SystemI::createSoundInternal             : exinfo->length             = 755200
[LOG] SystemI::createSoundInternal             : exinfo->fileoffset         = 66688
[LOG] SystemI::createSoundInternal             : exinfo->numsubsounds       = 1
[LOG] SystemI::createSoundInternal             : exinfo->inclusionlist      = 00000063211EEEA8
[LOG] SystemI::createSoundInternal             : exinfo->inclusionlistnum   = 1
[LOG] SystemI::createSoundInternal             : exinfo->suggestedsoundtype = 5
[LOG] SystemI::createSoundInternal             : exinfo->useropen           = 00007FFED93E60E0
[LOG] SystemI::createSoundInternal             : exinfo->userclose          = 00007FFED93E60B0
[LOG] SystemI::createSoundInternal             : exinfo->userread           = 00007FFED93E61B0
[LOG] SystemI::createSoundInternal             : exinfo->userseek           = 00007FFED93E6270
[LOG] SystemI::createSoundInternal             : exinfo->fileuserdata       = 0000024A89537EA8
[LOG] SystemI::createSoundInternal             : exinfo->initialseekpostype = 1
[LOG] SystemI::DSPCodecPoolRegister            : register codec pool for pool type 5
[LOG] SystemI::createSoundInternal             : Sample 0/1: name='Chiara Hit Long 5', format=5, channels=2, frequency=48000, lengthbytes=4800, lengthpcm=23823, pcmblocksize=0, loopstart=0, loopend=0, mode=0x00000000, channelmask=0x00000000, channelorder=0, peakvolume=0.531586.
[LOG] SystemI::createSoundInternal             : Create name='', mode=0x02000202
[LOG] SystemI::createSoundInternal             : exinfo->cbsize             = 224
[LOG] SystemI::createSoundInternal             : exinfo->length             = 755200
[LOG] SystemI::createSoundInternal             : exinfo->fileoffset         = 66688
[LOG] SystemI::createSoundInternal             : exinfo->numsubsounds       = 1
[LOG] SystemI::createSoundInternal             : exinfo->inclusionlist      = 00000063211EEEA8
[LOG] SystemI::createSoundInternal             : exinfo->inclusionlistnum   = 1
[LOG] SystemI::createSoundInternal             : exinfo->suggestedsoundtype = 5
[LOG] SystemI::createSoundInternal             : exinfo->useropen           = 00007FFED93E60E0
[LOG] SystemI::createSoundInternal             : exinfo->userclose          = 00007FFED93E60B0
[LOG] SystemI::createSoundInternal             : exinfo->userread           = 00007FFED93E61B0
[LOG] SystemI::createSoundInternal             : exinfo->userseek           = 00007FFED93E6270
[LOG] SystemI::createSoundInternal             : exinfo->fileuserdata       = 0000024A89537EA8
[LOG] SystemI::createSoundInternal             : exinfo->initialseekpostype = 1
[LOG] SystemI::DSPCodecPoolRegister            : register codec pool for pool type 5
[LOG] SystemI::createSoundInternal             : Sample 0/1: name='Chiara Hit Long 3', format=5, channels=2, frequency=48000, lengthbytes=4928, lengthpcm=23823, pcmblocksize=0, loopstart=0, loopend=0, mode=0x00000000, channelmask=0x00000000, channelorder=0, peakvolume=0.457245.
[LOG] SystemI::createSoundInternal             : Create name='', mode=0x02000202
[LOG] SystemI::createSoundInternal             : exinfo->cbsize             = 224
[LOG] SystemI::createSoundInternal             : exinfo->length             = 755200
[LOG] SystemI::createSoundInternal             : exinfo->fileoffset         = 66688
[LOG] SystemI::createSoundInternal             : exinfo->numsubsounds       = 1
[LOG] SystemI::createSoundInternal             : exinfo->inclusionlist      = 00000063211EEEA8
[LOG] SystemI::createSoundInternal             : exinfo->inclusionlistnum   = 1
[LOG] SystemI::createSoundInternal             : exinfo->suggestedsoundtype = 5
[LOG] SystemI::createSoundInternal             : exinfo->useropen           = 00007FFED93E60E0
[LOG] SystemI::createSoundInternal             : exinfo->userclose          = 00007FFED93E60B0
[LOG] SystemI::createSoundInternal             : exinfo->userread           = 00007FFED93E61B0
[LOG] SystemI::createSoundInternal             : exinfo->userseek           = 00007FFED93E6270
[LOG] SystemI::createSoundInternal             : exinfo->fileuserdata       = 0000024A89537EA8
[LOG] SystemI::createSoundInternal             : exinfo->initialseekpostype = 1
[LOG] SystemI::DSPCodecPoolRegister            : register codec pool for pool type 5
[LOG] SystemI::createSoundInternal             : Sample 0/1: name='Chiara Hit Short 4', format=5, channels=2, frequency=48000, lengthbytes=2208, lengthpcm=12538, pcmblocksize=0, loopstart=0, loopend=0, mode=0x00000000, channelmask=0x00000000, channelorder=0, peakvolume=0.488556.
[LOG] SystemI::createSoundInternal             : Create name='', mode=0x02000202
[LOG] SystemI::createSoundInternal             : exinfo->cbsize             = 224
[LOG] SystemI::createSoundInternal             : exinfo->length             = 755200
[LOG] SystemI::createSoundInternal             : exinfo->fileoffset         = 66688
[LOG] SystemI::createSoundInternal             : exinfo->numsubsounds       = 1
[LOG] SystemI::createSoundInternal             : exinfo->inclusionlist      = 00000063211EEEA8
[LOG] SystemI::createSoundInternal             : exinfo->inclusionlistnum   = 1
[LOG] SystemI::createSoundInternal             : exinfo->suggestedsoundtype = 5
[LOG] SystemI::createSoundInternal             : exinfo->useropen           = 00007FFED93E60E0
[LOG] SystemI::createSoundInternal             : exinfo->userclose          = 00007FFED93E60B0
[LOG] SystemI::createSoundInternal             : exinfo->userread           = 00007FFED93E61B0
[LOG] SystemI::createSoundInternal             : exinfo->userseek           = 00007FFED93E6270
[LOG] SystemI::createSoundInternal             : exinfo->fileuserdata       = 0000024A89537EA8
[LOG] SystemI::createSoundInternal             : exinfo->initialseekpostype = 1
[LOG] SystemI::DSPCodecPoolRegister            : register codec pool for pool type 5
[LOG] SystemI::createSoundInternal             : Sample 0/1: name='Chiara Hit Short 2', format=5, channels=2, frequency=48000, lengthbytes=2624, lengthpcm=13792, pcmblocksize=0, loopstart=0, loopend=0, mode=0x00000000, channelmask=0x00000000, channelorder=0, peakvolume=0.586426.
[LOG] SystemI::createSoundInternal             : Create name='', mode=0x02000202
[LOG] SystemI::createSoundInternal             : exinfo->cbsize             = 224
[LOG] SystemI::createSoundInternal             : exinfo->length             = 755200
[LOG] SystemI::createSoundInternal             : exinfo->fileoffset         = 66688
[LOG] SystemI::createSoundInternal             : exinfo->numsubsounds       = 1
[LOG] SystemI::createSoundInternal             : exinfo->inclusionlist      = 00000063211EEEA8
[LOG] SystemI::createSoundInternal             : exinfo->inclusionlistnum   = 1
[LOG] SystemI::createSoundInternal             : exinfo->suggestedsoundtype = 5
[LOG] SystemI::createSoundInternal             : exinfo->useropen           = 00007FFED93E60E0
[LOG] SystemI::createSoundInternal             : exinfo->userclose          = 00007FFED93E60B0
[LOG] SystemI::createSoundInternal             : exinfo->userread           = 00007FFED93E61B0
[LOG] SystemI::createSoundInternal             : exinfo->userseek           = 00007FFED93E6270
[LOG] SystemI::createSoundInternal             : exinfo->fileuserdata       = 0000024A89537EA8
[LOG] SystemI::createSoundInternal             : exinfo->initialseekpostype = 1
[LOG] SystemI::DSPCodecPoolRegister            : register codec pool for pool type 5
[LOG] SystemI::createSoundInternal             : Sample 0/1: name='Chiara Hit Mid 3', format=5, channels=2, frequency=48000, lengthbytes=3968, lengthpcm=20062, pcmblocksize=0, loopstart=0, loopend=0, mode=0x00000000, channelmask=0x00000000, channelorder=0, peakvolume=0.696503.
[LOG] SystemI::createSoundInternal             : Create name='', mode=0x02000202
[LOG] SystemI::createSoundInternal             : exinfo->cbsize             = 224
[LOG] SystemI::createSoundInternal             : exinfo->length             = 755200
[LOG] SystemI::createSoundInternal             : exinfo->fileoffset         = 66688
[LOG] SystemI::createSoundInternal             : exinfo->numsubsounds       = 1
[LOG] SystemI::createSoundInternal             : exinfo->inclusionlist      = 00000063211EEEA8
[LOG] SystemI::createSoundInternal             : exinfo->inclusionlistnum   = 1
[LOG] SystemI::createSoundInternal             : exinfo->suggestedsoundtype = 5
[LOG] SystemI::createSoundInternal             : exinfo->useropen           = 00007FFED93E60E0
[LOG] SystemI::createSoundInternal             : exinfo->userclose          = 00007FFED93E60B0
[LOG] SystemI::createSoundInternal             : exinfo->userread           = 00007FFED93E61B0
[LOG] SystemI::createSoundInternal             : exinfo->userseek           = 00007FFED93E6270
[LOG] SystemI::createSoundInternal             : exinfo->fileuserdata       = 0000024A89537EA8
[LOG] SystemI::createSoundInternal             : exinfo->initialseekpostype = 1
[LOG] SystemI::DSPCodecPoolRegister            : register codec pool for pool type 5
[LOG] SystemI::createSoundInternal             : Sample 0/1: name='Chiara Hit Long 2', format=5, channels=2, frequency=48000, lengthbytes=5216, lengthpcm=26331, pcmblocksize=0, loopstart=0, loopend=0, mode=0x00000000, channelmask=0x00000000, channelorder=0, peakvolume=0.440186.
[LOG] SystemI::createSoundInternal             : Create name='', mode=0x02000202
[LOG] SystemI::createSoundInternal             : exinfo->cbsize             = 224
[LOG] SystemI::createSoundInternal             : exinfo->length             = 755200
[LOG] SystemI::createSoundInternal             : exinfo->fileoffset         = 66688
[LOG] SystemI::createSoundInternal             : exinfo->numsubsounds       = 1
[LOG] SystemI::createSoundInternal             : exinfo->inclusionlist      = 00000063211EEEA8
[LOG] SystemI::createSoundInternal             : exinfo->inclusionlistnum   = 1
[LOG] SystemI::createSoundInternal             : exinfo->suggestedsoundtype = 5
[LOG] SystemI::createSoundInternal             : exinfo->useropen           = 00007FFED93E60E0
[LOG] SystemI::createSoundInternal             : exinfo->userclose          = 00007FFED93E60B0
[LOG] SystemI::createSoundInternal             : exinfo->userread           = 00007FFED93E61B0
[LOG] SystemI::createSoundInternal             : exinfo->userseek           = 00007FFED93E6270
[LOG] SystemI::createSoundInternal             : exinfo->fileuserdata       = 0000024A89537EA8
[LOG] SystemI::createSoundInternal             : exinfo->initialseekpostype = 1
[LOG] SystemI::DSPCodecPoolRegister            : register codec pool for pool type 5
[LOG] SystemI::createSoundInternal             : Sample 0/1: name='Chiara Hit Short 3', format=5, channels=2, frequency=48000, lengthbytes=2304, lengthpcm=12538, pcmblocksize=0, loopstart=0, loopend=0, mode=0x00000000, channelmask=0x00000000, channelorder=0, peakvolume=0.469940.
[LOG] SystemI::createSoundInternal             : Create name='', mode=0x02000202
[LOG] SystemI::createSoundInternal             : exinfo->cbsize             = 224
[LOG] SystemI::createSoundInternal             : exinfo->length             = 755200
[LOG] SystemI::createSoundInternal             : exinfo->fileoffset         = 66688
[LOG] SystemI::createSoundInternal             : exinfo->numsubsounds       = 1
[LOG] SystemI::createSoundInternal             : exinfo->inclusionlist      = 00000063211EEEA8
[LOG] SystemI::createSoundInternal             : exinfo->inclusionlistnum   = 1
[LOG] SystemI::createSoundInternal             : exinfo->suggestedsoundtype = 5
[LOG] SystemI::createSoundInternal             : exinfo->useropen           = 00007FFED93E60E0
[LOG] SystemI::createSoundInternal             : exinfo->userclose          = 00007FFED93E60B0
[LOG] SystemI::createSoundInternal             : exinfo->userread           = 00007FFED93E61B0
[LOG] SystemI::createSoundInternal             : exinfo->userseek           = 00007FFED93E6270
[LOG] SystemI::createSoundInternal             : exinfo->fileuserdata       = 0000024A89537EA8
[LOG] SystemI::createSoundInternal             : exinfo->initialseekpostype = 1
[LOG] SystemI::DSPCodecPoolRegister            : register codec pool for pool type 5
[LOG] SystemI::createSoundInternal             : Sample 0/1: name='Chiara Hit Mid 1', format=5, channels=2, frequency=48000, lengthbytes=3744, lengthpcm=20062, pcmblocksize=0, loopstart=0, loopend=0, mode=0x00000000, channelmask=0x00000000, channelorder=0, peakvolume=0.555267.
[LOG] SystemI::createSoundInternal             : Create name='', mode=0x02000202
[LOG] SystemI::createSoundInternal             : exinfo->cbsize             = 224
[LOG] SystemI::createSoundInternal             : exinfo->length             = 755200
[LOG] SystemI::createSoundInternal             : exinfo->fileoffset         = 66688
[LOG] SystemI::createSoundInternal             : exinfo->numsubsounds       = 1
[LOG] SystemI::createSoundInternal             : exinfo->inclusionlist      = 00000063211EEEA8
[LOG] SystemI::createSoundInternal             : exinfo->inclusionlistnum   = 1
[LOG] SystemI::createSoundInternal             : exinfo->suggestedsoundtype = 5
[LOG] SystemI::createSoundInternal             : exinfo->useropen           = 00007FFED93E60E0
[LOG] SystemI::createSoundInternal             : exinfo->userclose          = 00007FFED93E60B0
[LOG] SystemI::createSoundInternal             : exinfo->userread           = 00007FFED93E61B0
[LOG] SystemI::createSoundInternal             : exinfo->userseek           = 00007FFED93E6270
[LOG] SystemI::createSoundInternal             : exinfo->fileuserdata       = 0000024A89537EA8
[LOG] SystemI::createSoundInternal             : exinfo->initialseekpostype = 1
[LOG] SystemI::DSPCodecPoolRegister            : register codec pool for pool type 5
[LOG] SystemI::createSoundInternal             : Sample 0/1: name='Chiara Hit Short 5', format=5, channels=2, frequency=48000, lengthbytes=2464, lengthpcm=13792, pcmblocksize=0, loopstart=0, loopend=0, mode=0x00000000, channelmask=0x00000000, channelorder=0, peakvolume=0.559662.
[LOG] SystemI::createSoundInternal             : Create name='', mode=0x02000202
[LOG] SystemI::createSoundInternal             : exinfo->cbsize             = 224
[LOG] SystemI::createSoundInternal             : exinfo->length             = 755200
[LOG] SystemI::createSoundInternal             : exinfo->fileoffset         = 66688
[LOG] SystemI::createSoundInternal             : exinfo->numsubsounds       = 1
[LOG] SystemI::createSoundInternal             : exinfo->inclusionlist      = 00000063211EEEA8
[LOG] SystemI::createSoundInternal             : exinfo->inclusionlistnum   = 1
[LOG] SystemI::createSoundInternal             : exinfo->suggestedsoundtype = 5
[LOG] SystemI::createSoundInternal             : exinfo->useropen           = 00007FFED93E60E0
[LOG] SystemI::createSoundInternal             : exinfo->userclose          = 00007FFED93E60B0
[LOG] SystemI::createSoundInternal             : exinfo->userread           = 00007FFED93E61B0
[LOG] SystemI::createSoundInternal             : exinfo->userseek           = 00007FFED93E6270
[LOG] SystemI::createSoundInternal             : exinfo->fileuserdata       = 0000024A89537EA8
[LOG] SystemI::createSoundInternal             : exinfo->initialseekpostype = 1
[LOG] SystemI::DSPCodecPoolRegister            : register codec pool for pool type 5
[LOG] SystemI::createSoundInternal             : Sample 0/1: name='Chiara Hit Long 1', format=5, channels=2, frequency=48000, lengthbytes=4608, lengthpcm=23823, pcmblocksize=0, loopstart=0, loopend=0, mode=0x00000000, channelmask=0x00000000, channelorder=0, peakvolume=0.597687.
[LOG] SystemI::createSoundInternal             : Create name='', mode=0x02000202
[LOG] SystemI::createSoundInternal             : exinfo->cbsize             = 224
[LOG] SystemI::createSoundInternal             : exinfo->length             = 755200
[LOG] SystemI::createSoundInternal             : exinfo->fileoffset         = 66688
[LOG] SystemI::createSoundInternal             : exinfo->numsubsounds       = 1
[LOG] SystemI::createSoundInternal             : exinfo->inclusionlist      = 00000063211EEEA8
[LOG] SystemI::createSoundInternal             : exinfo->inclusionlistnum   = 1
[LOG] SystemI::createSoundInternal             : exinfo->suggestedsoundtype = 5
[LOG] SystemI::createSoundInternal             : exinfo->useropen           = 00007FFED93E60E0
[LOG] SystemI::createSoundInternal             : exinfo->userclose          = 00007FFED93E60B0
[LOG] SystemI::createSoundInternal             : exinfo->userread           = 00007FFED93E61B0
[LOG] SystemI::createSoundInternal             : exinfo->userseek           = 00007FFED93E6270
[LOG] SystemI::createSoundInternal             : exinfo->fileuserdata       = 0000024A89537EA8
[LOG] SystemI::createSoundInternal             : exinfo->initialseekpostype = 1
[LOG] SystemI::DSPCodecPoolRegister            : register codec pool for pool type 5
[LOG] SystemI::createSoundInternal             : Sample 0/1: name='Chiara Hit Long 4', format=5, channels=2, frequency=48000, lengthbytes=4864, lengthpcm=23823, pcmblocksize=0, loopstart=0, loopend=0, mode=0x00000000, channelmask=0x00000000, channelorder=0, peakvolume=0.605072.
[LOG] SystemI::createSoundInternal             : Create name='', mode=0x02000202
[LOG] SystemI::createSoundInternal             : exinfo->cbsize             = 224
[LOG] SystemI::createSoundInternal             : exinfo->length             = 755200
[LOG] SystemI::createSoundInternal             : exinfo->fileoffset         = 66688
[LOG] SystemI::createSoundInternal             : exinfo->numsubsounds       = 1
[LOG] SystemI::createSoundInternal             : exinfo->inclusionlist      = 00000063211EEEA8
[LOG] SystemI::createSoundInternal             : exinfo->inclusionlistnum   = 1
[LOG] SystemI::createSoundInternal             : exinfo->suggestedsoundtype = 5
[LOG] SystemI::createSoundInternal             : exinfo->useropen           = 00007FFED93E60E0
[LOG] SystemI::createSoundInternal             : exinfo->userclose          = 00007FFED93E60B0
[LOG] SystemI::createSoundInternal             : exinfo->userread           = 00007FFED93E61B0
[LOG] SystemI::createSoundInternal             : exinfo->userseek           = 00007FFED93E6270
[LOG] SystemI::createSoundInternal             : exinfo->fileuserdata       = 0000024A89537EA8
[LOG] SystemI::createSoundInternal             : exinfo->initialseekpostype = 1
[LOG] SystemI::DSPCodecPoolRegister            : register codec pool for pool type 5
[LOG] SystemI::createSoundInternal             : Sample 0/1: name='Chiara Hit Short 1', format=5, channels=2, frequency=48000, lengthbytes=2912, lengthpcm=15046, pcmblocksize=0, loopstart=0, loopend=0, mode=0x00000000, channelmask=0x00000000, channelorder=0, peakvolume=0.567291.
[LOG] SystemI::createSoundInternal             : Create name='', mode=0x02000202
[LOG] SystemI::createSoundInternal             : exinfo->cbsize             = 224
[LOG] SystemI::createSoundInternal             : exinfo->length             = 755200
[LOG] SystemI::createSoundInternal             : exinfo->fileoffset         = 66688
[LOG] SystemI::createSoundInternal             : exinfo->numsubsounds       = 1
[LOG] SystemI::createSoundInternal             : exinfo->inclusionlist      = 00000063211EEEA8
[LOG] SystemI::createSoundInternal             : exinfo->inclusionlistnum   = 1
[LOG] SystemI::createSoundInternal             : exinfo->suggestedsoundtype = 5
[LOG] SystemI::createSoundInternal             : exinfo->useropen           = 00007FFED93E60E0
[LOG] SystemI::createSoundInternal             : exinfo->userclose          = 00007FFED93E60B0
[LOG] SystemI::createSoundInternal             : exinfo->userread           = 00007FFED93E61B0
[LOG] SystemI::createSoundInternal             : exinfo->userseek           = 00007FFED93E6270
[LOG] SystemI::createSoundInternal             : exinfo->fileuserdata       = 0000024A89537EA8
[LOG] SystemI::createSoundInternal             : exinfo->initialseekpostype = 1
[LOG] SystemI::DSPCodecPoolRegister            : register codec pool for pool type 5
[LOG] SystemI::createSoundInternal             : Sample 0/1: name='Chiara Hit Mid 4', format=5, channels=2, frequency=48000, lengthbytes=3520, lengthpcm=18808, pcmblocksize=0, loopstart=0, loopend=0, mode=0x00000000, channelmask=0x00000000, channelorder=0, peakvolume=0.400543.
[LOG] SystemI::createSoundInternal             : Create name='', mode=0x02000202
[LOG] SystemI::createSoundInternal             : exinfo->cbsize             = 224
[LOG] SystemI::createSoundInternal             : exinfo->length             = 755200
[LOG] SystemI::createSoundInternal             : exinfo->fileoffset         = 66688
[LOG] SystemI::createSoundInternal             : exinfo->numsubsounds       = 1
[LOG] SystemI::createSoundInternal             : exinfo->inclusionlist      = 00000063211EEEA8
[LOG] SystemI::createSoundInternal             : exinfo->inclusionlistnum   = 1
[LOG] SystemI::createSoundInternal             : exinfo->suggestedsoundtype = 5
[LOG] SystemI::createSoundInternal             : exinfo->useropen           = 00007FFED93E60E0
[LOG] SystemI::createSoundInternal             : exinfo->userclose          = 00007FFED93E60B0
[LOG] SystemI::createSoundInternal             : exinfo->userread           = 00007FFED93E61B0
[LOG] SystemI::createSoundInternal             : exinfo->userseek           = 00007FFED93E6270
[LOG] SystemI::createSoundInternal             : exinfo->fileuserdata       = 0000024A89537668
[LOG] SystemI::createSoundInternal             : exinfo->initialseekpostype = 1
[LOG] SystemI::DSPCodecPoolRegister            : register codec pool for pool type 5
[LOG] SystemI::createSoundInternal             : Sample 0/1: name='Punch 3', format=5, channels=2, frequency=48000, lengthbytes=4160, lengthpcm=20062, pcmblocksize=0, loopstart=0, loopend=0, mode=0x00000000, channelmask=0x00000000, channelorder=0, peakvolume=0.999969.
[LOG] SystemI::createSoundInternal             : Create name='', mode=0x02000202
[LOG] SystemI::createSoundInternal             : exinfo->cbsize             = 224
[LOG] SystemI::createSoundInternal             : exinfo->length             = 72832
[LOG] SystemI::createSoundInternal             : exinfo->fileoffset         = 6560
[LOG] SystemI::createSoundInternal             : exinfo->numsubsounds       = 1
[LOG] SystemI::createSoundInternal             : exinfo->inclusionlist      = 00000063211EEEA8
[LOG] SystemI::createSoundInternal             : exinfo->inclusionlistnum   = 1
[LOG] SystemI::createSoundInternal             : exinfo->suggestedsoundtype = 5
[LOG] SystemI::createSoundInternal             : exinfo->useropen           = 00007FFED93E60E0
[LOG] SystemI::createSoundInternal             : exinfo->userclose          = 00007FFED93E60B0
[LOG] SystemI::createSoundInternal             : exinfo->userread           = 00007FFED93E61B0
[LOG] SystemI::createSoundInternal             : exinfo->userseek           = 00007FFED93E6270
[LOG] SystemI::createSoundInternal             : exinfo->fileuserdata       = 0000024A89A96C88
[LOG] SystemI::createSoundInternal             : exinfo->initialseekpostype = 1
[LOG] SystemI::DSPCodecPoolRegister            : register codec pool for pool type 5
[LOG] SystemI::createSoundInternal             : Sample 0/1: name='Shield Hurt 2', format=5, channels=2, frequency=48000, lengthbytes=11008, lengthpcm=76486, pcmblocksize=0, loopstart=0, loopend=0, mode=0x00000000, channelmask=0x00000000, channelorder=0, peakvolume=0.209686.
[LOG] SystemI::createSoundInternal             : Create name='', mode=0x02000202
[LOG] SystemI::createSoundInternal             : exinfo->cbsize             = 224
[LOG] SystemI::createSoundInternal             : exinfo->length             = 72832
[LOG] SystemI::createSoundInternal             : exinfo->fileoffset         = 6560
[LOG] SystemI::createSoundInternal             : exinfo->numsubsounds       = 1
[LOG] SystemI::createSoundInternal             : exinfo->inclusionlist      = 00000063211EEEA8
[LOG] SystemI::createSoundInternal             : exinfo->inclusionlistnum   = 1
[LOG] SystemI::createSoundInternal             : exinfo->suggestedsoundtype = 5
[LOG] SystemI::createSoundInternal             : exinfo->useropen           = 00007FFED93E60E0
[LOG] SystemI::createSoundInternal             : exinfo->userclose          = 00007FFED93E60B0
[LOG] SystemI::createSoundInternal             : exinfo->userread           = 00007FFED93E61B0
[LOG] SystemI::createSoundInternal             : exinfo->userseek           = 00007FFED93E6270
[LOG] SystemI::createSoundInternal             : exinfo->fileuserdata       = 0000024A89A96C88
[LOG] SystemI::createSoundInternal             : exinfo->initialseekpostype = 1
[LOG] SystemI::DSPCodecPoolRegister            : register codec pool for pool type 5
[LOG] SystemI::createSoundInternal             : Sample 0/1: name='Shield Hurt 1', format=5, channels=2, frequency=48000, lengthbytes=10432, lengthpcm=56424, pcmblocksize=0, loopstart=0, loopend=0, mode=0x00000000, channelmask=0x00000000, channelorder=0, peakvolume=0.224854.
[LOG] SystemI::createSoundInternal             : Create name='', mode=0x02000202
[LOG] SystemI::createSoundInternal             : exinfo->cbsize             = 224
[LOG] SystemI::createSoundInternal             : exinfo->length             = 105600
[LOG] SystemI::createSoundInternal             : exinfo->fileoffset         = 9856
[LOG] SystemI::createSoundInternal             : exinfo->numsubsounds       = 1
[LOG] SystemI::createSoundInternal             : exinfo->inclusionlist      = 00000063211EEEA8
[LOG] SystemI::createSoundInternal             : exinfo->inclusionlistnum   = 1
[LOG] SystemI::createSoundInternal             : exinfo->suggestedsoundtype = 5
[LOG] SystemI::createSoundInternal             : exinfo->useropen           = 00007FFED93E60E0
[LOG] SystemI::createSoundInternal             : exinfo->userclose          = 00007FFED93E60B0
[LOG] SystemI::createSoundInternal             : exinfo->userread           = 00007FFED93E61B0
[LOG] SystemI::createSoundInternal             : exinfo->userseek           = 00007FFED93E6270
[LOG] SystemI::createSoundInternal             : exinfo->fileuserdata       = 0000024A89A953C8
[LOG] SystemI::createSoundInternal             : exinfo->initialseekpostype = 1
[LOG] SystemI::DSPCodecPoolRegister            : register codec pool for pool type 5
[LOG] SystemI::createSoundInternal             : Sample 0/1: name='Special Card 1', format=5, channels=2, frequency=48000, lengthbytes=17024, lengthpcm=72724, pcmblocksize=0, loopstart=0, loopend=0, mode=0x00000000, channelmask=0x00000000, channelorder=0, peakvolume=0.697571.
[LOG] SystemI::createSoundInternal             : Create name='', mode=0x02000202
[LOG] SystemI::createSoundInternal             : exinfo->cbsize             = 224
[LOG] SystemI::createSoundInternal             : exinfo->length             = 755200
[LOG] SystemI::createSoundInternal             : exinfo->fileoffset         = 66688
[LOG] SystemI::createSoundInternal             : exinfo->numsubsounds       = 1
[LOG] SystemI::createSoundInternal             : exinfo->inclusionlist      = 00000063211EEEA8
[LOG] SystemI::createSoundInternal             : exinfo->inclusionlistnum   = 1
[LOG] SystemI::createSoundInternal             : exinfo->suggestedsoundtype = 5
[LOG] SystemI::createSoundInternal             : exinfo->useropen           = 00007FFED93E60E0
[LOG] SystemI::createSoundInternal             : exinfo->userclose          = 00007FFED93E60B0
[LOG] SystemI::createSoundInternal             : exinfo->userread           = 00007FFED93E61B0
[LOG] SystemI::createSoundInternal             : exinfo->userseek           = 00007FFED93E6270
[LOG] SystemI::createSoundInternal             : exinfo->fileuserdata       = 00000249B645FBA8
[LOG] SystemI::createSoundInternal             : exinfo->initialseekpostype = 1
[LOG] SystemI::DSPCodecPoolRegister            : register codec pool for pool type 5
[LOG] SystemI::createSoundInternal             : Sample 0/1: name='Kick 1', format=5, channels=2, frequency=48000, lengthbytes=5344, lengthpcm=23823, pcmblocksize=0, loopstart=0, loopend=0, mode=0x00000000, channelmask=0x00000000, channelorder=0, peakvolume=0.924988.
[LOG] SoundI::release                          : Combat 2 - V4 (0000024A0392C298)
[LOG] SoundI::release                          :     Combat 2 - V4 (0000024A8F425FF8)
[LOG] SoundI::release                          :     Combat 2 - V4 (0000024A0392C448)
[LOG] SoundI::release                          :  (0000024A89AFFC08)
[LOG] SoundI::release                          :     Draw 3 (0000024A8F4264D8)
[LOG] SoundI::release                          :  (0000024A89B004A8)
[LOG] SoundI::release                          :     Touch Card 1 (0000024A8F427D38)
[LOG] SoundI::release                          :  (0000024A89AFF4D8)
[LOG] SoundI::release                          :     Special Card 1 (0000024A8F426198)
[LOG] SoundI::release                          :  (0000024A89B02FC8)
[LOG] SoundI::release                          :     Chiara Hit Short 1 (0000024A8F422A58)
[LOG] SoundI::release                          :  (0000024A89B02728)
[LOG] SoundI::release                          :     Chiara Hit Short 2 (0000024A8F427038)
[LOG] SoundI::release                          :  (0000024A89AFF368)
[LOG] SoundI::release                          :     Chiara Hit Short 3 (0000024A8F425E58)
[LOG] SoundI::release                          :  (0000024A89B02B78)
[LOG] SoundI::release                          :     Chiara Hit Short 4 (0000024A8F422578)
[LOG] SoundI::release                          :  (0000024A89B01A38)
[LOG] SoundI::release                          :     Chiara Hit Short 5 (0000024A8F423F78)
[LOG] SoundI::release                          :  (0000024A89B025B8)
[LOG] SoundI::release                          :     Chiara Hit Short 6 (0000024A8F422238)
[LOG] SoundI::release                          :  (0000024A89B01758)
[LOG] SoundI::release                          :     Chiara Hit Long 5 (0000024A8F4230D8)
[LOG] SoundI::release                          :  (0000024A89AFE228)
[LOG] SoundI::release                          :     Chiara Hit Long 1 (0000024A8F4245F8)
[LOG] SoundI::release                          :  (0000024A89B02CE8)
[LOG] SoundI::release                          :     Chiara Hit Long 2 (0000024A8F427518)
[LOG] SoundI::release                          :  (0000024A89B039D8)
[LOG] SoundI::release                          :     Chiara Hit Long 3 (0000024A8F425978)
[LOG] SoundI::release                          :  (0000024A89AFEAC8)
[LOG] SoundI::release                          :     Chiara Hit Long 4 (0000024A8F425B18)
[LOG] SoundI::release                          :  (0000024A89AFFD78)
[LOG] SoundI::release                          :     Chiara Hit Mid 1 (0000024A8F423DD8)
[LOG] SoundI::release                          :  (0000024A89B00618)
[LOG] SoundI::release                          :     Chiara Hit Mid 2 (0000024A8F4238F8)
[LOG] SoundI::release                          :  (0000024A89AFE508)
[LOG] SoundI::release                          :     Chiara Hit Mid 3 (0000024A8F427378)
[LOG] SoundI::release                          :  (0000024A89B03B48)
[LOG] SoundI::release                          :     Chiara Hit Mid 4 (0000024A8F4271D8)
[LOG] SoundI::release                          :  (0000024A89AFE398)
[LOG] SoundI::release                          :     Punch 3 (0000024A8F422D98)
[LOG] SoundI::release                          :  (0000024A89AFF648)
[LOG] SoundI::release                          :     Kick 1 (0000024A8F426678)
[LOG] SoundI::release                          :  (0000024A89AFEDA8)
[LOG] SoundI::release                          :     Shield Hurt 1 (0000024A8F424118)
[LOG] SoundI::release                          :  (0000024A89AFEC38)
[LOG] SoundI::release                          :     Shield Hurt 2 (0000024A8F425158)
[LOG] SoundI::release                          :  (0000024A89B01D18)
[LOG] SoundI::release                          :     UI Clicked 8 Dramatic (0000024A8F424FB8)
[LOG] Thread::callback                         : FMOD Studio update thread finished.
[LOG] Thread::callback                         : FMOD Studio bank load thread finished.
[LOG] Profile::disconnectAll                   : Profiler disconnecting all clients
[LOG] Thread::callback                         : FMOD Studio sample load thread finished.
[LOG] LiveUpdate::release                      : 
[LOG] LiveUpdate::reset                        : Reset connection (reason Disconnected)
[LOG] Thread::callback                         : FMOD stream thread finished.
[LOG] Thread::callback                         : FMOD mixer thread finished.
[LOG] Profile::disconnectAll                   : Profiler disconnecting all clients
[LOG] SystemI::close                           : Closed.
